node:events:502
      throw er; // Unhandled 'error' event
      ^

Error: listen EADDRINUSE: address already in use :::42069
    at Server.setupListenHandle [as _listen2] (node:net:1908:16)
    at listenInCluster (node:net:1965:12)
    at Server.listen (node:net:2067:7)
    at ServerEventBus.start (file:///Users/shivam.dwivedi/Documents/personal%20projects/shvm-in/node_modules/@tanstack/devtools-event-bus/dist/esm/server/server.js:155:12)
    at BasicMinimalPluginContext.configureServer (file:///Users/shivam.dwivedi/Documents/personal%20projects/shvm-in/node_modules/@tanstack/devtools-vite/dist/esm/plugin.js:52:15)
    at _createServer (file:///Users/shivam.dwivedi/Documents/personal%20projects/shvm-in/node_modules/vite/dist/node/chunks/config.js:25603:97)
    at async CAC.<anonymous> (file:///Users/shivam.dwivedi/Documents/personal%20projects/shvm-in/node_modules/vite/dist/node/cli.js:572:18)
Emitted 'error' event on Server instance at:
    at emitErrorNT (node:net:1944:8)
    at process.processTicksAndRejections (node:internal/process/task_queues:82:21) {
  code: 'EADDRINUSE',
  errno: -48,
  syscall: 'listen',
  address: '::',
  port: 42069
}

Node.js v20.19.2
